<?xml version="1.0" encoding="UTF-8"?>
<testng-results skipped="0" failed="0" total="1" passed="1">
  <reporter-output>
  </reporter-output>
  <suite name="RegressionTest" duration-ms="37" started-at="2022-03-10T10:21:33Z" finished-at="2022-03-10T10:21:34Z">
    <groups>
    </groups>
    <test name="GetAPIResponseExcel" duration-ms="37" started-at="2022-03-10T10:21:33Z" finished-at="2022-03-10T10:21:34Z">
      <class name="ABCD.ABCD.LOGIN">
        <test-method status="PASS" signature="test()[pri:0, instance:ABCD.ABCD.LOGIN@6b2fad11]" name="test" duration-ms="14" started-at="2022-03-10T15:51:34Z" finished-at="2022-03-10T15:51:34Z">
          <reporter-output>
          </reporter-output>
        </test-method> <!-- test -->
      </class> <!-- ABCD.ABCD.LOGIN -->
    </test> <!-- GetAPIResponseExcel -->
  </suite> <!-- RegressionTest -->
</testng-results>
